<?xml version="1.0" encoding="UTF-8"?>
<testsuite name="TestDelegatesExamples" tests="2" skipped="0" failures="0" errors="0" timestamp="2021-02-03T11:11:13" hostname="Rosibels-MacBook-Pro.local" time="0.037">
  <properties/>
  <testcase name="testLazy" classname="TestDelegatesExamples" time="0.035"/>
  <testcase name="initializedOnce" classname="TestDelegatesExamples" time="0.001"/>
  <system-out><![CDATA[]]></system-out>
  <system-err><![CDATA[]]></system-err>
</testsuite>
