<?xml version="1.0" encoding="UTF-8"?>
<testsuite name="TestIntroduction" tests="1" skipped="0" failures="0" errors="0" timestamp="2021-01-27T09:50:43" hostname="Rosibels-MacBook-Pro.local" time="0.084">
  <properties/>
  <testcase name="testSetOfCustomers" classname="TestIntroduction" time="0.084"/>
  <system-out><![CDATA[]]></system-out>
  <system-err><![CDATA[]]></system-err>
</testsuite>
