<?xml version="1.0" encoding="UTF-8"?>
<testsuite name="TestProperties" tests="1" skipped="0" failures="0" errors="0" timestamp="2021-02-02T09:59:22" hostname="ip-192-168-0-20.eu-west-1.compute.internal" time="0.004">
  <properties/>
  <testcase name="testPropertyWithCounter" classname="TestProperties" time="0.004"/>
  <system-out><![CDATA[]]></system-out>
  <system-err><![CDATA[]]></system-err>
</testsuite>
