<?xml version="1.0" encoding="UTF-8"?>
<testsuite name="TestInvoke" tests="2" skipped="0" failures="0" errors="0" timestamp="2021-01-26T09:50:23" hostname="Rosibels-MacBook-Pro.local" time="0.042">
  <properties/>
  <testcase name="testInvokeTwice" classname="TestInvoke" time="0.017"/>
  <testcase name="testNumberOfInvocations" classname="TestInvoke" time="0.024"/>
  <system-out><![CDATA[]]></system-out>
  <system-err><![CDATA[]]></system-err>
</testsuite>
