<?xml version="1.0" encoding="UTF-8"?>
<testsuite name="Test" tests="1" skipped="0" failures="0" errors="0" timestamp="2020-12-07T17:38:30" hostname="Rosibels-MacBook-Pro.local" time="0.044">
  <properties/>
  <testcase name="testSolution" classname="Test" time="0.044"/>
  <system-out><![CDATA[]]></system-out>
  <system-err><![CDATA[]]></system-err>
</testsuite>
