<?xml version="1.0" encoding="UTF-8"?>
<testsuite name="TestStart" tests="1" skipped="0" failures="0" errors="0" timestamp="2020-11-28T07:17:31" hostname="Rosibels-MacBook-Pro.local" time="0.004">
  <properties/>
  <testcase name="testOk" classname="TestStart" time="0.004"/>
  <system-out><![CDATA[]]></system-out>
  <system-err><![CDATA[]]></system-err>
</testsuite>
