<?xml version="1.0" encoding="UTF-8"?>
<testsuite name="TestDelegatesHowItWorks" tests="1" skipped="0" failures="0" errors="0" timestamp="2021-02-03T11:59:37" hostname="Rosibels-MacBook-Pro.local" time="0.117">
  <properties/>
  <testcase name="testDate" classname="TestDelegatesHowItWorks" time="0.117"/>
  <system-out><![CDATA[]]></system-out>
  <system-err><![CDATA[]]></system-err>
</testsuite>
